<?xml version="1.0" encoding="UTF-8"?>
<!-- Generated by org.testng.reporters.JUnitXMLReporter -->
<testsuite ignored="4" hostname="LAPTOP-411M4QLS" failures="0" tests="2" name="Default test" time="22.129" errors="0" timestamp="2023-04-24T23:49:28 EDT">
  <testcase classname="com.acti.testcase.LoginPageTest" name="testLoginWithInvalidUserName" time="0.858"/>
  <testcase classname="com.acti.testcase.LoginPageTest" name="testLoginWithInvalidUserName" time="0.534"/>
  <testcase classname="com.acti.testcase.LoginPageTest" name="testLoginPageTitle" time="0.0">
    <ignored/>
  </testcase> <!-- testLoginPageTitle -->
  <testcase classname="com.acti.testcase.LoginPageTest" name="isTheActiLinkPresent" time="0.0">
    <ignored/>
  </testcase> <!-- isTheActiLinkPresent -->
  <testcase classname="com.acti.testcase.LoginPageTest" name="testLoginUserNameAndPassword" time="0.0">
    <ignored/>
  </testcase> <!-- testLoginUserNameAndPassword -->
  <testcase classname="com.acti.testcase.LoginPageTest" name="isTheImagePresent" time="0.0">
    <ignored/>
  </testcase> <!-- isTheImagePresent -->
</testsuite> <!-- Default test -->
