<?xml version="1.0" encoding="UTF-8"?>
<testng-results ignored="4" total="6" passed="2" failed="0" skipped="0">
  <reporter-output>
  </reporter-output>
  <suite started-at="2023-04-24T23:49:06 EDT" name="Default suite" finished-at="2023-04-24T23:49:28 EDT" duration-ms="22129">
    <groups>
    </groups>
    <test started-at="2023-04-24T23:49:06 EDT" name="Default test" finished-at="2023-04-24T23:49:28 EDT" duration-ms="22129">
      <class name="com.acti.testcase.LoginPageTest">
        <test-method is-config="true" signature="setUpReport()[pri:0, instance:com.acti.testcase.LoginPageTest@1cf6d1be]" started-at="2023-04-24T23:49:06 EDT" name="setUpReport" finished-at="2023-04-24T23:49:06 EDT" duration-ms="517" status="PASS">
          <reporter-output>
          </reporter-output>
        </test-method> <!-- setUpReport -->
        <test-method is-config="true" signature="preTest()[pri:0, instance:com.acti.testcase.LoginPageTest@1cf6d1be]" started-at="2023-04-24T23:49:07 EDT" name="preTest" finished-at="2023-04-24T23:49:16 EDT" duration-ms="8370" status="PASS">
          <reporter-output>
          </reporter-output>
        </test-method> <!-- preTest -->
        <test-method signature="testLoginWithInvalidUserName(java.lang.String,java.lang.String)[pri:5, instance:com.acti.testcase.LoginPageTest@1cf6d1be]" started-at="2023-04-24T23:49:16 EDT" name="testLoginWithInvalidUserName" data-provider="actidata" finished-at="2023-04-24T23:49:17 EDT" duration-ms="858" status="PASS">
          <params>
            <param index="0">
              <value>
                <![CDATA[admin]]>
              </value>
            </param>
            <param index="1">
              <value>
                <![CDATA[manager]]>
              </value>
            </param>
          </params>
          <reporter-output>
          </reporter-output>
        </test-method> <!-- testLoginWithInvalidUserName -->
        <test-method is-config="true" signature="tearDown(org.testng.ITestResult)[pri:0, instance:com.acti.testcase.LoginPageTest@1cf6d1be]" started-at="2023-04-24T23:49:17 EDT" name="tearDown" finished-at="2023-04-24T23:49:19 EDT" duration-ms="2647" status="PASS">
          <params>
            <param index="0">
              <value>
                <![CDATA[[TestResult name=testLoginWithInvalidUserName status=SUCCESS method=LoginPageTest.testLoginWithInvalidUserName(java.lang.String,java.lang.String)[pri:5, instance:com.acti.testcase.LoginPageTest@1cf6d1be] output={null}]]]>
              </value>
            </param>
          </params>
          <reporter-output>
          </reporter-output>
        </test-method> <!-- tearDown -->
        <test-method is-config="true" signature="preTest()[pri:0, instance:com.acti.testcase.LoginPageTest@1cf6d1be]" started-at="2023-04-24T23:49:19 EDT" name="preTest" finished-at="2023-04-24T23:49:27 EDT" duration-ms="7916" status="PASS">
          <reporter-output>
          </reporter-output>
        </test-method> <!-- preTest -->
        <test-method signature="testLoginWithInvalidUserName(java.lang.String,java.lang.String)[pri:5, instance:com.acti.testcase.LoginPageTest@1cf6d1be]" started-at="2023-04-24T23:49:27 EDT" name="testLoginWithInvalidUserName" data-provider="actidata" finished-at="2023-04-24T23:49:28 EDT" duration-ms="534" status="PASS">
          <params>
            <param index="0">
              <value>
                <![CDATA[admin]]>
              </value>
            </param>
            <param index="1">
              <value>
                <![CDATA[manager]]>
              </value>
            </param>
          </params>
          <reporter-output>
          </reporter-output>
        </test-method> <!-- testLoginWithInvalidUserName -->
        <test-method is-config="true" signature="tearDown(org.testng.ITestResult)[pri:0, instance:com.acti.testcase.LoginPageTest@1cf6d1be]" started-at="2023-04-24T23:49:28 EDT" name="tearDown" finished-at="2023-04-24T23:49:28 EDT" duration-ms="559" status="PASS">
          <params>
            <param index="0">
              <value>
                <![CDATA[[TestResult name=testLoginWithInvalidUserName status=SUCCESS method=LoginPageTest.testLoginWithInvalidUserName(java.lang.String,java.lang.String)[pri:5, instance:com.acti.testcase.LoginPageTest@1cf6d1be] output={null}]]]>
              </value>
            </param>
          </params>
          <reporter-output>
          </reporter-output>
        </test-method> <!-- tearDown -->
      </class> <!-- com.acti.testcase.LoginPageTest -->
    </test> <!-- Default test -->
  </suite> <!-- Default suite -->
</testng-results>
